<!DOCTYPE html>
<html lang="en">

<head>
    <meta charset="UTF-8">
    <meta content='width=device-width, initial-scale=1.0' name='viewport'>
    <title>Long Term Loan Apply with Guarantor</title>
    <link href="https://cdn.jsdelivr.net/gh/anshooarora/chaintest@bbbb48b4917cda8777352fb04725cd69c6db2983/cdn/simple/version/chaintest-pkg.css"
          rel="stylesheet">
    <link href="https://fonts.googleapis.com/css2?family=Roboto:ital,wght@0,100..900;1,100..900&display=swap"
          rel="stylesheet">
    <style></style>
</head>

<body data-bs-theme="">
<nav class="navbar border-bottom">
    <div class="container d-flex justify-content-between">
        <div>
            <a class="navbar-brand" href="#">ChainTest</a>
            <span class="ms-3 fs-6">Report</span>
        </div>
        <div>
            <span class="badge badge-outline text-lg"><i class="bi bi-hourglass me-1"></i> 1m 49s</span>
            <span class="badge badge-outline text-lg"><i class="bi bi-clock me-1 text-success"></i> 2025-03-05 12:01:39 pm</span>
            <span class="badge badge-outline text-lg me-3"><i class="bi bi-clock me-1 text-danger"></i> 2025-03-05 12:03:29 pm</span>
            <button class="btn btn-outline-primary smaller" id="sys-info" role="button" title="View System Info">
                <i class="bi bi-pc-display-horizontal"></i></button>
            <button class="btn btn-outline-primary smaller" id="shortcuts" role="button" title="Shortcuts">
                <i class="bi bi-info-circle"></i></button>
        </div>
    </div>
</nav>

<div class="container-fluid bg-body-tertiary" id="summary">
    <!-- dashboard section -->
    <div class="py-5" id="dashboard">
        <div class="container">
            <div class="row">
                <div class="col-4">
                    <div class="card card-custom" style="height: 175px">
                        <div class="card-header">
                            Suites
                        </div>
                        <div class="card-body d-flex justify-content-center" style="height: 90px;">
                            <div class="chart-view center" style="margin-left: -1rem;">
                                <canvas id="stats1"></canvas>
                            </div>
                        </div>
                        <div class="card-footer small">
                            <span id="sp1">0</span> Passed,
                            <span id="sf1">1</span> Failed,
                            <span id="ss1">0</span> Skipped
                        </div>
                    </div>
                </div>
                <div class="col-4">
                    <div class="card card-custom" style="height: 175px">
                        <div class="card-header">
                            Classes
                        </div>
                        <div class="card-body d-flex justify-content-center" style="height: 90px;">
                            <div class="chart-view center" style="margin-left: -1rem;">
                                <canvas id="stats2"></canvas>
                            </div>
                        </div>
                        <div class="card-footer small">
                            <span id="sp2">0</span> Passed,
                            <span id="sf2">1</span> Failed,
                            <span id="ss2">0</span> Skipped
                        </div>
                    </div>
                </div>
                <div class="col-4">
                    <div class="card card-custom" style="height: 175px">
                        <div class="card-header">
                            Methods
                        </div>
                        <div class="card-body d-flex justify-content-center" style="height: 90px;">
                            <div class="chart-view center" style="margin-left: -1rem;">
                                <canvas id="stats3"></canvas>
                            </div>
                        </div>
                        <div class="card-footer small">
                            <span id="sp3">0</span> Passed,
                            <span id="sf3">2</span> Failed,
                            <span id="ss3">0</span> Skipped
                        </div>
                    </div>
                </div>
            </div>
        </div>
    </div>
    <!-- /dashboard section -->

    <!-- tag section -->
    <!-- /tag section -->
</div>

<div class="container-fluid">
    <div class="py-3 mb-5">
        <div class="container d-flex justify-content-between">
            <div class="input-group">
                <input aria-label="Search..." class="form-control border" id="q" placeholder="Search..." type="text">
                <button class="btn border btn-sm text-success status-filter" id="passed" type="button">Passed</button>
                <button class="btn border btn-sm text-warning status-filter" id="skipped" type="button">Skipped</button>
                <button class="btn border btn-sm text-danger status-filter" id="failed" type="button">Failed</button>
                <button class="btn border btn-sm" id="clear-filters"><i class="bi bi-x-lg me-1"></i>Clear all filters
                </button>
                <button class="btn border btn-sm" id="summary-toggle" type="button"><i class="bi bi-toggle-on me-1"></i>
                    Toggle Summary Section
                </button>
            </div>
        </div>
    </div>
    <div class="test-container failed">
        <div class="container">
            <div class="row">
                <div class="col-4">
                    <h6 class="mb-3 testname fs-6 failed">Long Term Loan Apply with Guarantor</h6>
                    <div class="small">
                        <span class="badge badge-outline"><i class="bi bi-hourglass me-1"></i> 1m 49s</span>
                        <span class="badge text-bg-info"><i class="bi bi-clock me-1"></i>
                  2025-03-05 12:01:39 pm</span>
                        <span class="badge text-bg-warning"><i class="bi bi-clock me-1"></i>
                  2025-03-05 12:03:29 pm</span>
                    </div>

                </div>
                <div class="col-8">
                    <div class="card mb-3 result failed">
                        <div class="card-body">
                            <div class="d-flex justify-content-between">
                                <div>
                                    <i class="bi bi-exclamation-octagon-fill text-danger"></i>
                                    <span class="fs-6 ms-2">LongTermLoanTest.ApplyLongTermWithGuarantor</span>
                                </div>
                                <div>
                                    <span class="badge text-dark bg-light">1m 49s</span>
                                </div>
                            </div>

                            <div class="mt-3 border-top">
                                <div class="leaf failed pb-1">
                                    <div class="d-flex justify-content-between mt-3">
                                        <div>
                                            <i class="bi bi-exclamation-octagon-fill text-danger"></i>
                                            <span class="fs-6 ms-2">addlongtermloan</span>
                                        </div>
                                        <div>
                                            <span class="badge text-dark bg-light">6s</span>
                                        </div>
                                    </div>
                                    <p class="desc"></p>
                                    <pre class="py-2 mt-2 mb-4">org.openqa.selenium.UnhandledAlertException: unexpected alert open: {Alert text : Are you sure, want to apply for Wallet Advance?}
  (Session info: chrome=133.0.6943.142): Are you sure, want to apply for Wallet Advance?
Build info: version: '4.25.0', revision: '8a8aea2337'
System info: os.name: 'Windows 10', os.arch: 'amd64', os.version: '10.0', java.version: '22.0.1'
Driver info: org.openqa.selenium.chrome.ChromeDriver
Command: [d85cbce6dc9be42a779289bd7ea88ed3, screenshot {}]
Capabilities {acceptInsecureCerts: false, browserName: chrome, browserVersion: 133.0.6943.142, chrome: {chromedriverVersion: 133.0.6943.141 (2a5d6da0d61..., userDataDir: C:\Users\ROHIT~1.MAT\AppDat...}, fedcm:accounts: true, goog:chromeOptions: {debuggerAddress: localhost:49801}, networkConnectionEnabled: false, pageLoadStrategy: normal, platformName: windows, proxy: Proxy(), se:cdp: ws://localhost:49801/devtoo..., se:cdpVersion: 133.0.6943.142, setWindowRect: true, strictFileInteractability: false, timeouts: {implicit: 0, pageLoad: 300000, script: 30000}, unhandledPromptBehavior: dismiss and notify, webauthn:extension:credBlob: true, webauthn:extension:largeBlob: true, webauthn:extension:minPinLength: true, webauthn:extension:prf: true, webauthn:virtualAuthenticators: true}
Session ID: d85cbce6dc9be42a779289bd7ea88ed3
	at org.openqa.selenium.remote.codec.w3c.W3CHttpResponseCodec.decode(W3CHttpResponseCodec.java:136)
	at org.openqa.selenium.remote.codec.w3c.W3CHttpResponseCodec.decode(W3CHttpResponseCodec.java:50)
	at org.openqa.selenium.remote.HttpCommandExecutor.execute(HttpCommandExecutor.java:190)
	at org.openqa.selenium.remote.service.DriverCommandExecutor.invokeExecute(DriverCommandExecutor.java:216)
	at org.openqa.selenium.remote.service.DriverCommandExecutor.execute(DriverCommandExecutor.java:174)
	at org.openqa.selenium.remote.RemoteWebDriver.execute(RemoteWebDriver.java:545)
	at org.openqa.selenium.remote.RemoteWebDriver.execute(RemoteWebDriver.java:618)
	at org.openqa.selenium.remote.RemoteWebDriver.execute(RemoteWebDriver.java:622)
	at org.openqa.selenium.remote.RemoteWebDriver.getScreenshotAs(RemoteWebDriver.java:334)
	at Base.ChainTestListener.onTestFailure(ChainTestListener.java:216)
	at org.testng.internal.TestListenerHelper.runTestListeners(TestListenerHelper.java:115)
	at org.testng.internal.invokers.TestInvoker.runTestResultListener(TestInvoker.java:285)
	at org.testng.internal.invokers.TestInvoker.invokeMethod(TestInvoker.java:774)
	at org.testng.internal.invokers.TestInvoker.invokeTestMethod(TestInvoker.java:230)
	at org.testng.internal.invokers.MethodRunner.runInSequence(MethodRunner.java:63)
	at org.testng.internal.invokers.TestInvoker$MethodInvocationAgent.invoke(TestInvoker.java:992)
	at org.testng.internal.invokers.TestInvoker.invokeTestMethods(TestInvoker.java:203)
	at org.testng.internal.invokers.TestMethodWorker.invokeTestMethods(TestMethodWorker.java:154)
	at org.testng.internal.invokers.TestMethodWorker.run(TestMethodWorker.java:134)
	at java.base/java.util.ArrayList.forEach(ArrayList.java:1597)
	at org.testng.TestRunner.privateRun(TestRunner.java:739)
	at org.testng.TestRunner.run(TestRunner.java:614)
	at org.testng.SuiteRunner.runTest(SuiteRunner.java:421)
	at org.testng.SuiteRunner.runSequentially(SuiteRunner.java:413)
	at org.testng.SuiteRunner.privateRun(SuiteRunner.java:373)
	at org.testng.SuiteRunner.run(SuiteRunner.java:312)
	at org.testng.SuiteRunnerWorker.runSuite(SuiteRunnerWorker.java:52)
	at org.testng.SuiteRunnerWorker.run(SuiteRunnerWorker.java:95)
	at org.testng.TestNG.runSuitesSequentially(TestNG.java:1274)
	at org.testng.TestNG.runSuitesLocally(TestNG.java:1208)
	at org.testng.TestNG.runSuites(TestNG.java:1112)
	at org.testng.TestNG.run(TestNG.java:1079)
	at com.intellij.rt.testng.IDEARemoteTestNG.run(IDEARemoteTestNG.java:65)
	at com.intellij.rt.testng.RemoteTestNGStarter.main(RemoteTestNGStarter.java:105)
</pre>
                                    <div class="mt-3">
          <pre class="pb-0">
failed.......... addlongtermloan
failed.......... addlongtermloan
test is completed.
          </pre>
                                    </div>
                                    <div class="row mt-3">
                                        <div class="embed col-2 mb-1">
                                            <img src="resources/2c68b76b-c267-4a86-9347-f3b9495b9025.png"/>
                                        </div>
                                    </div>
                                </div>
                                <div class="leaf failed pb-1">
                                    <div class="d-flex justify-content-between mt-3">
                                        <div>
                                            <i class="bi bi-exclamation-octagon-fill text-danger"></i>
                                            <span class="fs-6 ms-2">addGuarantor</span>
                                        </div>
                                        <div>
                                            <span class="badge text-dark bg-light">27s</span>
                                        </div>
                                    </div>
                                    <p class="desc"></p>
                                    <pre class="py-2 mt-2 mb-4">org.openqa.selenium.UnhandledAlertException: unexpected alert open: {Alert text : Are you sure, want to apply for Wallet Advance?}
  (Session info: chrome=133.0.6943.142): Are you sure, want to apply for Wallet Advance?
Build info: version: '4.25.0', revision: '8a8aea2337'
System info: os.name: 'Windows 10', os.arch: 'amd64', os.version: '10.0', java.version: '22.0.1'
Driver info: org.openqa.selenium.chrome.ChromeDriver
Command: [d85cbce6dc9be42a779289bd7ea88ed3, findElement {using=name, value=ctl00$ContentPlaceHolder1$txtLoanNo}]
Capabilities {acceptInsecureCerts: false, browserName: chrome, browserVersion: 133.0.6943.142, chrome: {chromedriverVersion: 133.0.6943.141 (2a5d6da0d61..., userDataDir: C:\Users\ROHIT~1.MAT\AppDat...}, fedcm:accounts: true, goog:chromeOptions: {debuggerAddress: localhost:49801}, networkConnectionEnabled: false, pageLoadStrategy: normal, platformName: windows, proxy: Proxy(), se:cdp: ws://localhost:49801/devtoo..., se:cdpVersion: 133.0.6943.142, setWindowRect: true, strictFileInteractability: false, timeouts: {implicit: 0, pageLoad: 300000, script: 30000}, unhandledPromptBehavior: dismiss and notify, webauthn:extension:credBlob: true, webauthn:extension:largeBlob: true, webauthn:extension:minPinLength: true, webauthn:extension:prf: true, webauthn:virtualAuthenticators: true}
Session ID: d85cbce6dc9be42a779289bd7ea88ed3
	at org.openqa.selenium.remote.codec.w3c.W3CHttpResponseCodec.decode(W3CHttpResponseCodec.java:136)
	at org.openqa.selenium.remote.codec.w3c.W3CHttpResponseCodec.decode(W3CHttpResponseCodec.java:50)
	at org.openqa.selenium.remote.HttpCommandExecutor.execute(HttpCommandExecutor.java:190)
	at org.openqa.selenium.remote.service.DriverCommandExecutor.invokeExecute(DriverCommandExecutor.java:216)
	at org.openqa.selenium.remote.service.DriverCommandExecutor.execute(DriverCommandExecutor.java:174)
	at org.openqa.selenium.remote.RemoteWebDriver.execute(RemoteWebDriver.java:545)
	at org.openqa.selenium.remote.ElementLocation$ElementFinder$2.findElement(ElementLocation.java:165)
	at org.openqa.selenium.remote.ElementLocation.findElement(ElementLocation.java:59)
	at org.openqa.selenium.remote.RemoteWebDriver.findElement(RemoteWebDriver.java:368)
	at org.openqa.selenium.remote.RemoteWebDriver.findElement(RemoteWebDriver.java:362)
	at org.openqa.selenium.support.pagefactory.DefaultElementLocator.findElement(DefaultElementLocator.java:68)
	at org.openqa.selenium.support.pagefactory.internal.LocatingElementHandler.invoke(LocatingElementHandler.java:38)
	at jdk.proxy2/jdk.proxy2.$Proxy12.isDisplayed(Unknown Source)
	at org.openqa.selenium.support.ui.ExpectedConditions.elementIfVisible(ExpectedConditions.java:304)
	at org.openqa.selenium.support.ui.ExpectedConditions$10.apply(ExpectedConditions.java:290)
	at org.openqa.selenium.support.ui.ExpectedConditions$10.apply(ExpectedConditions.java:287)
	at org.openqa.selenium.support.ui.FluentWait.until(FluentWait.java:203)
	at LongTermLoan.LongTermResultPage.enterLoanNumber(LongTermResultPage.java:278)
	at LongTermLoanTest.ApplyLongTermWithGuarantor.addGuarantor(ApplyLongTermWithGuarantor.java:140)
	at java.base/jdk.internal.reflect.DirectMethodHandleAccessor.invoke(DirectMethodHandleAccessor.java:103)
	at java.base/java.lang.reflect.Method.invoke(Method.java:580)
	at org.testng.internal.invokers.MethodInvocationHelper.invokeMethod(MethodInvocationHelper.java:141)
	at org.testng.internal.invokers.TestInvoker.invokeMethod(TestInvoker.java:686)
	at org.testng.internal.invokers.TestInvoker.invokeTestMethod(TestInvoker.java:230)
	at org.testng.internal.invokers.MethodRunner.runInSequence(MethodRunner.java:63)
	at org.testng.internal.invokers.TestInvoker$MethodInvocationAgent.invoke(TestInvoker.java:992)
	at org.testng.internal.invokers.TestInvoker.invokeTestMethods(TestInvoker.java:203)
	at org.testng.internal.invokers.TestMethodWorker.invokeTestMethods(TestMethodWorker.java:154)
	at org.testng.internal.invokers.TestMethodWorker.run(TestMethodWorker.java:134)
	at java.base/java.util.ArrayList.forEach(ArrayList.java:1597)
	at org.testng.TestRunner.privateRun(TestRunner.java:739)
	at org.testng.TestRunner.run(TestRunner.java:614)
	at org.testng.SuiteRunner.runTest(SuiteRunner.java:421)
	at org.testng.SuiteRunner.runSequentially(SuiteRunner.java:413)
	at org.testng.SuiteRunner.privateRun(SuiteRunner.java:373)
	at org.testng.SuiteRunner.run(SuiteRunner.java:312)
	at org.testng.SuiteRunnerWorker.runSuite(SuiteRunnerWorker.java:52)
	at org.testng.SuiteRunnerWorker.run(SuiteRunnerWorker.java:95)
	at org.testng.TestNG.runSuitesSequentially(TestNG.java:1274)
	at org.testng.TestNG.runSuitesLocally(TestNG.java:1208)
	at org.testng.TestNG.runSuites(TestNG.java:1112)
	at org.testng.TestNG.run(TestNG.java:1079)
	at com.intellij.rt.testng.IDEARemoteTestNG.run(IDEARemoteTestNG.java:65)
	at com.intellij.rt.testng.RemoteTestNGStarter.main(RemoteTestNGStarter.java:105)
</pre>
                                    <div class="mt-3">
          <pre class="pb-0">
test is started
failed.......... addGuarantor
test is completed.
          </pre>
                                    </div>
                                    <div class="row mt-3">
                                        <div class="embed col-2 mb-1">
                                            <img src="resources/bcd67855-31ae-414b-b8da-f1f4af7ec5c2.png"/>
                                        </div>
                                    </div>
                                </div>
                            </div>

                        </div>
                    </div>
                </div>
            </div>
        </div>
        <div class="border-bottom py-5"></div>
    </div>
</div>

<script>
    const stats1Annotation = {'total': 1, 'passed': 0};
    const stats1 = [
      { result: 'Passed', count: 0, bg: 'rgb(140, 197, 83)' },
      { result: 'Failed', count: 1, bg: 'rgb(233,80,113)' },
      { result: 'Skipped', count: 0, bg: 'rgb(221, 91, 96)' }
    ];
      const stats2Annotation = {'total': 1, 'passed': 0};
      const stats2 = [
        { result: 'Passed', count: 0, bg: 'rgb(140, 197, 83)' },
        { result: 'Failed', count: 1, bg: 'rgb(233,80,113)' },
        { result: 'Skipped', count: 0, bg: 'rgb(221, 91, 96)' }
      ];
      const stats3Annotation = {'total': 2, 'passed': 0};
      const stats3 = [
        { result: 'Passed', count: 0, bg: 'rgb(140, 197, 83)' },
        { result: 'Failed', count: 2, bg: 'rgb(233,80,113)' },
        { result: 'Skipped', count: 0, bg: 'rgb(221, 91, 96)' }
      ];

</script>
<script src="https://cdn.jsdelivr.net/gh/anshooarora/chaintest@bbbb48b4917cda8777352fb04725cd69c6db2983/cdn/simple/version/chaintest-pkg.js"></script>

<div class="modal" id="sys-info-modal" tabindex="-1">
    <div class="modal-dialog">
        <div class="modal-content">
            <div class="modal-header">
                <h6 class="modal-title">System</h6>
                <button aria-label="Close" class="btn-close" data-bs-dismiss="modal" onclick="toggleSysInfo(false)"
                        type="button"></button>
            </div>
            <div class="modal-body">
                <table class="table">
                    <tbody>
                    <tr>
                        <td>java.version</td>
                        <td>22.0.1</td>
                    </tr>
                    <tr>
                        <td>java.vm.name</td>
                        <td>OpenJDK 64-Bit Server VM</td>
                    </tr>
                    <tr>
                        <td>java.vm.vendor</td>
                        <td>Oracle Corporation</td>
                    </tr>
                    <tr>
                        <td>java.class.version</td>
                        <td>66.0</td>
                    </tr>
                    <tr>
                        <td>java.runtime.name</td>
                        <td>OpenJDK Runtime Environment</td>
                    </tr>
                    <tr>
                        <td>os.name</td>
                        <td>Windows 10</td>
                    </tr>
                    <tr>
                        <td>os.arch</td>
                        <td>amd64</td>
                    </tr>
                    <tr>
                        <td>os.version</td>
                        <td>10.0</td>
                    </tr>
                    </tbody>
                </table>
            </div>
            <div class="modal-footer">
                <button class="btn btn-secondary" data-bs-dismiss="modal" onclick="toggleSysInfo(false)"
                        type="button">Close
                </button>
            </div>
        </div>
    </div>
</div>

<div class="modal" id="info-modal" tabindex="-1">
    <div class="modal-dialog">
        <div class="modal-content">
            <div class="modal-header">
                <h6 class="modal-title">ChainTest Simple Generator - Shortcuts</h6>
                <button aria-label="Close" class="btn-close" data-bs-dismiss="modal" onclick="toggleInfoModal(false)"
                        type="button"></button>
            </div>
            <div class="modal-body">
                <table class="table">
                    <tbody>
                    <tr>
                        <td>f</td>
                        <td>Toggle failed tests</td>
                    </tr>
                    <tr>
                        <td>p</td>
                        <td>Toggle passed tests</td>
                    </tr>
                    <tr>
                        <td>s</td>
                        <td>Toggle skipped tests</td>
                    </tr>
                    <tr>
                        <td>L</td>
                        <td>Toggle theme (light/dark)</td>
                    </tr>
                    <tr>
                        <td>esc</td>
                        <td>Reset all filters</td>
                    </tr>
                    </tbody>
                </table>
            </div>
            <div class="modal-footer">
                <button class="btn btn-secondary" data-bs-dismiss="modal" onclick="toggleInfoModal(false)"
                        type="button">Close
                </button>
            </div>
        </div>
    </div>
</div>

<div class="modal" id="attachment-modal" tabindex="-1">
    <div class="modal-dialog modal-lg">
        <div class="modal-content">
            <div class="modal-header">
                <h6 class="modal-title">Attachment</h6>
                <button aria-label="Close" class="btn-close" data-bs-dismiss="modal"
                        onclick="toggleAttachmentModal(false)"
                        type="button"></button>
            </div>
            <div class="modal-body">
                <img src=""/>
            </div>
            <div class="modal-footer">
                <button class="btn btn-secondary" data-bs-dismiss="modal" onclick="toggleAttachmentModal(false)"
                        type="button">Close
                </button>
            </div>
        </div>
    </div>
</div>

</body>

</html>